<?xml version="1.0" encoding="UTF-8"?>
<testsuite name="Task2Test" tests="1" skipped="0" failures="0" errors="0" timestamp="2021-01-25T18:24:10" hostname="DESKTOP-AAG2RLD" time="0.154">
  <properties/>
  <testcase name="start" classname="Task2Test" time="0.154"/>
  <system-out><![CDATA[?[1;31m
Start test 1?[0m
Enter a number of kilometers: > 25
25 kilometers is 25000 meters
?[1;31m
Start test 2?[0m
Enter a number of kilometers: > 26
26 kilometers is 26000 meters
?[1;31m
Start test 3?[0m
Enter a number of kilometers: > 13
13 kilometers is 13000 meters
]]></system-out>
  <system-err><![CDATA[]]></system-err>
</testsuite>
